ARM GAS  /var/folders/td/83895s255bq6rlxfmrv9fnww0000gn/T//ccjaPxgw.s 			page 1


   1              		.cpu cortex-m3
   2              		.arch armv7-m
   3              		.fpu softvfp
   4              		.eabi_attribute 20, 1
   5              		.eabi_attribute 21, 1
   6              		.eabi_attribute 23, 3
   7              		.eabi_attribute 24, 1
   8              		.eabi_attribute 25, 1
   9              		.eabi_attribute 26, 1
  10              		.eabi_attribute 30, 1
  11              		.eabi_attribute 34, 1
  12              		.eabi_attribute 18, 4
  13              		.file	"gpio.c"
  14              		.text
  15              	.Ltext0:
  16              		.cfi_sections	.debug_frame
  17              		.file 1 "Core/Src/gpio.c"
  18              		.section	.text.MX_GPIO_Init,"ax",%progbits
  19              		.align	1
  20              		.global	MX_GPIO_Init
  21              		.syntax unified
  22              		.thumb
  23              		.thumb_func
  25              	MX_GPIO_Init:
  26              	.LFB65:
   1:Core/Src/gpio.c **** /* USER CODE BEGIN Header */
   2:Core/Src/gpio.c **** /**
   3:Core/Src/gpio.c ****   ******************************************************************************
   4:Core/Src/gpio.c ****   * @file    gpio.c
   5:Core/Src/gpio.c ****   * @brief   This file provides code for the configuration
   6:Core/Src/gpio.c ****   *          of all used GPIO pins.
   7:Core/Src/gpio.c ****   ******************************************************************************
   8:Core/Src/gpio.c ****   * @attention
   9:Core/Src/gpio.c ****   *
  10:Core/Src/gpio.c ****   * Copyright (c) 2024 STMicroelectronics.
  11:Core/Src/gpio.c ****   * All rights reserved.
  12:Core/Src/gpio.c ****   *
  13:Core/Src/gpio.c ****   * This software is licensed under terms that can be found in the LICENSE file
  14:Core/Src/gpio.c ****   * in the root directory of this software component.
  15:Core/Src/gpio.c ****   * If no LICENSE file comes with this software, it is provided AS-IS.
  16:Core/Src/gpio.c ****   *
  17:Core/Src/gpio.c ****   ******************************************************************************
  18:Core/Src/gpio.c ****   */
  19:Core/Src/gpio.c **** /* USER CODE END Header */
  20:Core/Src/gpio.c **** 
  21:Core/Src/gpio.c **** /* Includes ------------------------------------------------------------------*/
  22:Core/Src/gpio.c **** #include "gpio.h"
  23:Core/Src/gpio.c **** 
  24:Core/Src/gpio.c **** /* USER CODE BEGIN 0 */
  25:Core/Src/gpio.c **** 
  26:Core/Src/gpio.c **** /* USER CODE END 0 */
  27:Core/Src/gpio.c **** 
  28:Core/Src/gpio.c **** /*----------------------------------------------------------------------------*/
  29:Core/Src/gpio.c **** /* Configure GPIO                                                             */
  30:Core/Src/gpio.c **** /*----------------------------------------------------------------------------*/
  31:Core/Src/gpio.c **** /* USER CODE BEGIN 1 */
  32:Core/Src/gpio.c **** 
ARM GAS  /var/folders/td/83895s255bq6rlxfmrv9fnww0000gn/T//ccjaPxgw.s 			page 2


  33:Core/Src/gpio.c **** /* USER CODE END 1 */
  34:Core/Src/gpio.c **** 
  35:Core/Src/gpio.c **** /** Configure pins as
  36:Core/Src/gpio.c ****         * Analog
  37:Core/Src/gpio.c ****         * Input
  38:Core/Src/gpio.c ****         * Output
  39:Core/Src/gpio.c ****         * EVENT_OUT
  40:Core/Src/gpio.c ****         * EXTI
  41:Core/Src/gpio.c **** */
  42:Core/Src/gpio.c **** void MX_GPIO_Init(void)
  43:Core/Src/gpio.c **** {
  27              		.loc 1 43 1 view -0
  28              		.cfi_startproc
  29              		@ args = 0, pretend = 0, frame = 8
  30              		@ frame_needed = 0, uses_anonymous_args = 0
  31              		@ link register save eliminated.
  32 0000 82B0     		sub	sp, sp, #8
  33              	.LCFI0:
  34              		.cfi_def_cfa_offset 8
  44:Core/Src/gpio.c **** 
  45:Core/Src/gpio.c ****   /* GPIO Ports Clock Enable */
  46:Core/Src/gpio.c ****   __HAL_RCC_GPIOD_CLK_ENABLE();
  35              		.loc 1 46 3 view .LVU1
  36              	.LBB2:
  37              		.loc 1 46 3 view .LVU2
  38              		.loc 1 46 3 view .LVU3
  39 0002 0A4B     		ldr	r3, .L3
  40 0004 9A69     		ldr	r2, [r3, #24]
  41 0006 42F02002 		orr	r2, r2, #32
  42 000a 9A61     		str	r2, [r3, #24]
  43              		.loc 1 46 3 view .LVU4
  44 000c 9A69     		ldr	r2, [r3, #24]
  45 000e 02F02002 		and	r2, r2, #32
  46 0012 0092     		str	r2, [sp]
  47              		.loc 1 46 3 view .LVU5
  48 0014 009A     		ldr	r2, [sp]
  49              	.LBE2:
  50              		.loc 1 46 3 view .LVU6
  47:Core/Src/gpio.c ****   __HAL_RCC_GPIOA_CLK_ENABLE();
  51              		.loc 1 47 3 view .LVU7
  52              	.LBB3:
  53              		.loc 1 47 3 view .LVU8
  54              		.loc 1 47 3 view .LVU9
  55 0016 9A69     		ldr	r2, [r3, #24]
  56 0018 42F00402 		orr	r2, r2, #4
  57 001c 9A61     		str	r2, [r3, #24]
  58              		.loc 1 47 3 view .LVU10
  59 001e 9B69     		ldr	r3, [r3, #24]
  60 0020 03F00403 		and	r3, r3, #4
  61 0024 0193     		str	r3, [sp, #4]
  62              		.loc 1 47 3 view .LVU11
  63 0026 019B     		ldr	r3, [sp, #4]
  64              	.LBE3:
  65              		.loc 1 47 3 view .LVU12
  48:Core/Src/gpio.c **** 
  49:Core/Src/gpio.c **** }
  66              		.loc 1 49 1 is_stmt 0 view .LVU13
ARM GAS  /var/folders/td/83895s255bq6rlxfmrv9fnww0000gn/T//ccjaPxgw.s 			page 3


  67 0028 02B0     		add	sp, sp, #8
  68              	.LCFI1:
  69              		.cfi_def_cfa_offset 0
  70              		@ sp needed
  71 002a 7047     		bx	lr
  72              	.L4:
  73              		.align	2
  74              	.L3:
  75 002c 00100240 		.word	1073876992
  76              		.cfi_endproc
  77              	.LFE65:
  79              		.text
  80              	.Letext0:
  81              		.file 2 "/Users/luftaquila/rtworks/toolchain/outputs/arm-none-eabi-13.2.0/arm-none-eabi/include/ma
  82              		.file 3 "/Users/luftaquila/rtworks/toolchain/outputs/arm-none-eabi-13.2.0/arm-none-eabi/include/sy
  83              		.file 4 "Drivers/CMSIS/Device/ST/STM32F1xx/Include/stm32f103xb.h"
ARM GAS  /var/folders/td/83895s255bq6rlxfmrv9fnww0000gn/T//ccjaPxgw.s 			page 4


DEFINED SYMBOLS
                            *ABS*:00000000 gpio.c
/var/folders/td/83895s255bq6rlxfmrv9fnww0000gn/T//ccjaPxgw.s:19     .text.MX_GPIO_Init:00000000 $t
/var/folders/td/83895s255bq6rlxfmrv9fnww0000gn/T//ccjaPxgw.s:25     .text.MX_GPIO_Init:00000000 MX_GPIO_Init
/var/folders/td/83895s255bq6rlxfmrv9fnww0000gn/T//ccjaPxgw.s:75     .text.MX_GPIO_Init:0000002c $d

NO UNDEFINED SYMBOLS
