ARM GAS  /var/folders/td/83895s255bq6rlxfmrv9fnww0000gn/T//ccwAZI8U.s 			page 1


   1              		.cpu cortex-m3
   2              		.arch armv7-m
   3              		.fpu softvfp
   4              		.eabi_attribute 20, 1
   5              		.eabi_attribute 21, 1
   6              		.eabi_attribute 23, 3
   7              		.eabi_attribute 24, 1
   8              		.eabi_attribute 25, 1
   9              		.eabi_attribute 26, 1
  10              		.eabi_attribute 30, 2
  11              		.eabi_attribute 34, 1
  12              		.eabi_attribute 18, 4
  13              		.file	"stm32f1xx_hal_gpio_ex.c"
  14              		.text
  15              		.section	.text.HAL_GPIOEx_ConfigEventout,"ax",%progbits
  16              		.align	1
  17              		.p2align 2,,3
  18              		.global	HAL_GPIOEx_ConfigEventout
  19              		.syntax unified
  20              		.thumb
  21              		.thumb_func
  23              	HAL_GPIOEx_ConfigEventout:
  24              		@ args = 0, pretend = 0, frame = 0
  25              		@ frame_needed = 0, uses_anonymous_args = 0
  26              		@ link register save eliminated.
  27 0000 034A     		ldr	r2, .L3
  28 0002 1368     		ldr	r3, [r2]
  29 0004 23F07F03 		bic	r3, r3, #127
  30 0008 0B43     		orrs	r3, r3, r1
  31 000a 0343     		orrs	r3, r3, r0
  32 000c 1360     		str	r3, [r2]
  33 000e 7047     		bx	lr
  34              	.L4:
  35              		.align	2
  36              	.L3:
  37 0010 00000140 		.word	1073807360
  39              		.section	.text.HAL_GPIOEx_EnableEventout,"ax",%progbits
  40              		.align	1
  41              		.p2align 2,,3
  42              		.global	HAL_GPIOEx_EnableEventout
  43              		.syntax unified
  44              		.thumb
  45              		.thumb_func
  47              	HAL_GPIOEx_EnableEventout:
  48              		@ args = 0, pretend = 0, frame = 0
  49              		@ frame_needed = 0, uses_anonymous_args = 0
  50              		@ link register save eliminated.
  51 0000 024A     		ldr	r2, .L6
  52 0002 1368     		ldr	r3, [r2]
  53 0004 43F08003 		orr	r3, r3, #128
  54 0008 1360     		str	r3, [r2]
  55 000a 7047     		bx	lr
  56              	.L7:
  57              		.align	2
  58              	.L6:
  59 000c 00000140 		.word	1073807360
  61              		.section	.text.HAL_GPIOEx_DisableEventout,"ax",%progbits
ARM GAS  /var/folders/td/83895s255bq6rlxfmrv9fnww0000gn/T//ccwAZI8U.s 			page 2


  62              		.align	1
  63              		.p2align 2,,3
  64              		.global	HAL_GPIOEx_DisableEventout
  65              		.syntax unified
  66              		.thumb
  67              		.thumb_func
  69              	HAL_GPIOEx_DisableEventout:
  70              		@ args = 0, pretend = 0, frame = 0
  71              		@ frame_needed = 0, uses_anonymous_args = 0
  72              		@ link register save eliminated.
  73 0000 024A     		ldr	r2, .L9
  74 0002 1368     		ldr	r3, [r2]
  75 0004 23F08003 		bic	r3, r3, #128
  76 0008 1360     		str	r3, [r2]
  77 000a 7047     		bx	lr
  78              	.L10:
  79              		.align	2
  80              	.L9:
  81 000c 00000140 		.word	1073807360
  83              		.ident	"GCC: (Arm GNU Toolchain 13.2.rel1 (Build arm-13.7)) 13.2.1 20231009"
ARM GAS  /var/folders/td/83895s255bq6rlxfmrv9fnww0000gn/T//ccwAZI8U.s 			page 3


DEFINED SYMBOLS
                            *ABS*:00000000 stm32f1xx_hal_gpio_ex.c
/var/folders/td/83895s255bq6rlxfmrv9fnww0000gn/T//ccwAZI8U.s:16     .text.HAL_GPIOEx_ConfigEventout:00000000 $t
/var/folders/td/83895s255bq6rlxfmrv9fnww0000gn/T//ccwAZI8U.s:23     .text.HAL_GPIOEx_ConfigEventout:00000000 HAL_GPIOEx_ConfigEventout
/var/folders/td/83895s255bq6rlxfmrv9fnww0000gn/T//ccwAZI8U.s:37     .text.HAL_GPIOEx_ConfigEventout:00000010 $d
/var/folders/td/83895s255bq6rlxfmrv9fnww0000gn/T//ccwAZI8U.s:40     .text.HAL_GPIOEx_EnableEventout:00000000 $t
/var/folders/td/83895s255bq6rlxfmrv9fnww0000gn/T//ccwAZI8U.s:47     .text.HAL_GPIOEx_EnableEventout:00000000 HAL_GPIOEx_EnableEventout
/var/folders/td/83895s255bq6rlxfmrv9fnww0000gn/T//ccwAZI8U.s:59     .text.HAL_GPIOEx_EnableEventout:0000000c $d
/var/folders/td/83895s255bq6rlxfmrv9fnww0000gn/T//ccwAZI8U.s:62     .text.HAL_GPIOEx_DisableEventout:00000000 $t
/var/folders/td/83895s255bq6rlxfmrv9fnww0000gn/T//ccwAZI8U.s:69     .text.HAL_GPIOEx_DisableEventout:00000000 HAL_GPIOEx_DisableEventout
/var/folders/td/83895s255bq6rlxfmrv9fnww0000gn/T//ccwAZI8U.s:81     .text.HAL_GPIOEx_DisableEventout:0000000c $d

NO UNDEFINED SYMBOLS
