ARM GAS  /var/folders/td/83895s255bq6rlxfmrv9fnww0000gn/T//ccKKazJg.s 			page 1


   1              		.cpu cortex-m3
   2              		.arch armv7-m
   3              		.fpu softvfp
   4              		.eabi_attribute 20, 1
   5              		.eabi_attribute 21, 1
   6              		.eabi_attribute 23, 3
   7              		.eabi_attribute 24, 1
   8              		.eabi_attribute 25, 1
   9              		.eabi_attribute 26, 1
  10              		.eabi_attribute 30, 2
  11              		.eabi_attribute 34, 1
  12              		.eabi_attribute 18, 4
  13              		.file	"stm32f1xx_hal_msp.c"
  14              		.text
  15              		.section	.text.HAL_MspInit,"ax",%progbits
  16              		.align	1
  17              		.p2align 2,,3
  18              		.global	HAL_MspInit
  19              		.syntax unified
  20              		.thumb
  21              		.thumb_func
  23              	HAL_MspInit:
  24              		@ args = 0, pretend = 0, frame = 8
  25              		@ frame_needed = 0, uses_anonymous_args = 0
  26              		@ link register save eliminated.
  27 0000 0E4B     		ldr	r3, .L4
  28 0002 82B0     		sub	sp, sp, #8
  29 0004 9A69     		ldr	r2, [r3, #24]
  30 0006 0E49     		ldr	r1, .L4+4
  31 0008 42F00102 		orr	r2, r2, #1
  32 000c 9A61     		str	r2, [r3, #24]
  33 000e 9A69     		ldr	r2, [r3, #24]
  34 0010 02F00102 		and	r2, r2, #1
  35 0014 0092     		str	r2, [sp]
  36 0016 009A     		ldr	r2, [sp]
  37 0018 DA69     		ldr	r2, [r3, #28]
  38 001a 42F08052 		orr	r2, r2, #268435456
  39 001e DA61     		str	r2, [r3, #28]
  40 0020 DB69     		ldr	r3, [r3, #28]
  41 0022 03F08053 		and	r3, r3, #268435456
  42 0026 0193     		str	r3, [sp, #4]
  43 0028 019B     		ldr	r3, [sp, #4]
  44 002a 4B68     		ldr	r3, [r1, #4]
  45 002c 23F0E063 		bic	r3, r3, #117440512
  46 0030 43F08063 		orr	r3, r3, #67108864
  47 0034 4B60     		str	r3, [r1, #4]
  48 0036 02B0     		add	sp, sp, #8
  49              		@ sp needed
  50 0038 7047     		bx	lr
  51              	.L5:
  52 003a 00BF     		.align	2
  53              	.L4:
  54 003c 00100240 		.word	1073876992
  55 0040 00000140 		.word	1073807360
  57              		.ident	"GCC: (Arm GNU Toolchain 13.2.rel1 (Build arm-13.7)) 13.2.1 20231009"
ARM GAS  /var/folders/td/83895s255bq6rlxfmrv9fnww0000gn/T//ccKKazJg.s 			page 2


DEFINED SYMBOLS
                            *ABS*:00000000 stm32f1xx_hal_msp.c
/var/folders/td/83895s255bq6rlxfmrv9fnww0000gn/T//ccKKazJg.s:16     .text.HAL_MspInit:00000000 $t
/var/folders/td/83895s255bq6rlxfmrv9fnww0000gn/T//ccKKazJg.s:23     .text.HAL_MspInit:00000000 HAL_MspInit
/var/folders/td/83895s255bq6rlxfmrv9fnww0000gn/T//ccKKazJg.s:54     .text.HAL_MspInit:0000003c $d

NO UNDEFINED SYMBOLS
