ARM GAS  /var/folders/td/83895s255bq6rlxfmrv9fnww0000gn/T//ccHXc9jl.s 			page 1


   1              		.cpu cortex-m3
   2              		.arch armv7-m
   3              		.fpu softvfp
   4              		.eabi_attribute 20, 1
   5              		.eabi_attribute 21, 1
   6              		.eabi_attribute 23, 3
   7              		.eabi_attribute 24, 1
   8              		.eabi_attribute 25, 1
   9              		.eabi_attribute 26, 1
  10              		.eabi_attribute 30, 2
  11              		.eabi_attribute 34, 1
  12              		.eabi_attribute 18, 4
  13              		.file	"sysmem.c"
  14              		.text
  15              		.section	.text._sbrk,"ax",%progbits
  16              		.align	1
  17              		.p2align 2,,3
  18              		.global	_sbrk
  19              		.syntax unified
  20              		.thumb
  21              		.thumb_func
  23              	_sbrk:
  24              		@ args = 0, pretend = 0, frame = 0
  25              		@ frame_needed = 0, uses_anonymous_args = 0
  26 0000 0D49     		ldr	r1, .L9
  27 0002 0346     		mov	r3, r0
  28 0004 10B5     		push	{r4, lr}
  29 0006 0D4A     		ldr	r2, .L9+4
  30 0008 0D4C     		ldr	r4, .L9+8
  31 000a 0868     		ldr	r0, [r1]
  32 000c 121B     		subs	r2, r2, r4
  33 000e 20B1     		cbz	r0, .L7
  34 0010 0344     		add	r3, r3, r0
  35 0012 9342     		cmp	r3, r2
  36 0014 07D8     		bhi	.L8
  37              	.L3:
  38 0016 0B60     		str	r3, [r1]
  39 0018 10BD     		pop	{r4, pc}
  40              	.L7:
  41 001a 0A4C     		ldr	r4, .L9+12
  42 001c 2046     		mov	r0, r4
  43 001e 0344     		add	r3, r3, r0
  44 0020 9342     		cmp	r3, r2
  45 0022 0C60     		str	r4, [r1]
  46 0024 F7D9     		bls	.L3
  47              	.L8:
  48 0026 FFF7FEFF 		bl	__errno
  49 002a 0C22     		movs	r2, #12
  50 002c 0346     		mov	r3, r0
  51 002e 4FF0FF30 		mov	r0, #-1
  52 0032 1A60     		str	r2, [r3]
  53 0034 10BD     		pop	{r4, pc}
  54              	.L10:
  55 0036 00BF     		.align	2
  56              	.L9:
  57 0038 00000000 		.word	__sbrk_heap_end
  58 003c 00000000 		.word	_estack
ARM GAS  /var/folders/td/83895s255bq6rlxfmrv9fnww0000gn/T//ccHXc9jl.s 			page 2


  59 0040 00000000 		.word	_Min_Stack_Size
  60 0044 00000000 		.word	_end
  62              		.section	.bss.__sbrk_heap_end,"aw",%nobits
  63              		.align	2
  66              	__sbrk_heap_end:
  67 0000 00000000 		.space	4
  68              		.ident	"GCC: (Arm GNU Toolchain 13.2.rel1 (Build arm-13.7)) 13.2.1 20231009"
ARM GAS  /var/folders/td/83895s255bq6rlxfmrv9fnww0000gn/T//ccHXc9jl.s 			page 3


DEFINED SYMBOLS
                            *ABS*:00000000 sysmem.c
/var/folders/td/83895s255bq6rlxfmrv9fnww0000gn/T//ccHXc9jl.s:16     .text._sbrk:00000000 $t
/var/folders/td/83895s255bq6rlxfmrv9fnww0000gn/T//ccHXc9jl.s:23     .text._sbrk:00000000 _sbrk
/var/folders/td/83895s255bq6rlxfmrv9fnww0000gn/T//ccHXc9jl.s:57     .text._sbrk:00000038 $d
/var/folders/td/83895s255bq6rlxfmrv9fnww0000gn/T//ccHXc9jl.s:66     .bss.__sbrk_heap_end:00000000 __sbrk_heap_end
/var/folders/td/83895s255bq6rlxfmrv9fnww0000gn/T//ccHXc9jl.s:63     .bss.__sbrk_heap_end:00000000 $d

UNDEFINED SYMBOLS
__errno
_estack
_Min_Stack_Size
_end
